# JRE version: OpenJDK Runtime Environment (8.0_222-b10) (build 1.8.0_222-b10)
# Java VM: OpenJDK 64-Bit Server VM (25.222-b10 mixed mode linux-amd64 compressed oops)
Heap:
 PSYoungGen      total 266240K, used 10220K [0x000000076de00000, 0x000000077ec00000, 0x00000007c0000000)
  eden space 256000K, 0% used [0x000000076de00000,0x000000076de00000,0x000000077d800000)
  from space 10240K, 99% used [0x000000077d800000,0x000000077e1fb080,0x000000077e200000)
  to   space 10240K, 0% used [0x000000077e200000,0x000000077e200000,0x000000077ec00000)
 ParOldGen       total 201216K, used 201111K [0x00000006c9a00000, 0x00000006d5e80000, 0x000000076de00000)
  object space 201216K, 99% used [0x00000006c9a00000,0x00000006d5e65cd0,0x00000006d5e80000)
 Metaspace       used 17031K, capacity 17990K, committed 18048K, reserved 1064960K
  class space    used 2475K, capacity 2656K, committed 2688K, reserved 1048576K
GC Heap History (9 events):
Event: 1,410 GC heap before
{Heap before GC invocations=1 (full 0):
 PSYoungGen      total 74240K, used 64000K [0x000000076de00000, 0x0000000773080000, 0x00000007c0000000)
  eden space 64000K, 100% used [0x000000076de00000,0x0000000771c80000,0x0000000771c80000)
  from space 10240K, 0% used [0x0000000772680000,0x0000000772680000,0x0000000773080000)
  to   space 10240K, 0% used [0x0000000771c80000,0x0000000771c80000,0x0000000772680000)
 ParOldGen       total 169472K, used 0K [0x00000006c9a00000, 0x00000006d3f80000, 0x000000076de00000)
  object space 169472K, 0% used [0x00000006c9a00000,0x00000006c9a00000,0x00000006d3f80000)
 Metaspace       used 13354K, capacity 13836K, committed 13952K, reserved 1060864K
  class space    used 1781K, capacity 1917K, committed 1920K, reserved 1048576K
Event: 1,442 GC heap after
Heap after GC invocations=1 (full 0):
 PSYoungGen      total 74240K, used 10209K [0x000000076de00000, 0x0000000776f00000, 0x00000007c0000000)
  eden space 64000K, 0% used [0x000000076de00000,0x000000076de00000,0x0000000771c80000)
  from space 10240K, 99% used [0x0000000771c80000,0x0000000772678530,0x0000000772680000)
  to   space 10240K, 0% used [0x0000000776500000,0x0000000776500000,0x0000000776f00000)
 ParOldGen       total 169472K, used 22449K [0x00000006c9a00000, 0x00000006d3f80000, 0x000000076de00000)
  object space 169472K, 13% used [0x00000006c9a00000,0x00000006cafec648,0x00000006d3f80000)
 Metaspace       used 13354K, capacity 13836K, committed 13952K, reserved 1060864K
  class space    used 1781K, capacity 1917K, committed 1920K, reserved 1048576K
}
Event: 1,786 GC heap before
{Heap before GC invocations=2 (full 0):
 PSYoungGen      total 74240K, used 74209K [0x000000076de00000, 0x0000000776f00000, 0x00000007c0000000)
  eden space 64000K, 100% used [0x000000076de00000,0x0000000771c80000,0x0000000771c80000)
  from space 10240K, 99% used [0x0000000771c80000,0x0000000772678530,0x0000000772680000)
  to   space 10240K, 0% used [0x0000000776500000,0x0000000776500000,0x0000000776f00000)
 ParOldGen       total 169472K, used 22449K [0x00000006c9a00000, 0x00000006d3f80000, 0x000000076de00000)
  object space 169472K, 13% used [0x00000006c9a00000,0x00000006cafec648,0x00000006d3f80000)
 Metaspace       used 15130K, capacity 15740K, committed 15872K, reserved 1062912K
  class space    used 2098K, capacity 2245K, committed 2304K, reserved 1048576K
Event: 1,885 GC heap after
Heap after GC invocations=2 (full 0):
 PSYoungGen      total 138240K, used 10219K [0x000000076de00000, 0x0000000776f00000, 0x00000007c0000000)
  eden space 128000K, 0% used [0x000000076de00000,0x000000076de00000,0x0000000775b00000)
  from space 10240K, 99% used [0x0000000776500000,0x0000000776efaeb0,0x0000000776f00000)
  to   space 10240K, 0% used [0x0000000775b00000,0x0000000775b00000,0x0000000776500000)
 ParOldGen       total 169472K, used 41244K [0x00000006c9a00000, 0x00000006d3f80000, 0x000000076de00000)
  object space 169472K, 24% used [0x00000006c9a00000,0x00000006cc247210,0x00000006d3f80000)
 Metaspace       used 15130K, capacity 15740K, committed 15872K, reserved 1062912K
  class space    used 2098K, capacity 2245K, committed 2304K, reserved 1048576K
}
Event: 2,866 GC heap before
{Heap before GC invocations=3 (full 0):
 PSYoungGen      total 138240K, used 138219K [0x000000076de00000, 0x0000000776f00000, 0x00000007c0000000)
  eden space 128000K, 100% used [0x000000076de00000,0x0000000775b00000,0x0000000775b00000)
  from space 10240K, 99% used [0x0000000776500000,0x0000000776efaeb0,0x0000000776f00000)
  to   space 10240K, 0% used [0x0000000775b00000,0x0000000775b00000,0x0000000776500000)
 ParOldGen       total 169472K, used 41244K [0x00000006c9a00000, 0x00000006d3f80000, 0x000000076de00000)
  object space 169472K, 24% used [0x00000006c9a00000,0x00000006cc247210,0x00000006d3f80000)
 Metaspace       used 16964K, capacity 17862K, committed 18048K, reserved 1064960K
  class space    used 2474K, capacity 2656K, committed 2688K, reserved 1048576K
Event: 3,060 GC heap after
Heap after GC invocations=3 (full 0):
 PSYoungGen      total 138240K, used 10232K [0x000000076de00000, 0x000000077ec00000, 0x00000007c0000000)
  eden space 128000K, 0% used [0x000000076de00000,0x000000076de00000,0x0000000775b00000)
  from space 10240K, 99% used [0x0000000775b00000,0x00000007764fe0c0,0x0000000776500000)
  to   space 10240K, 0% used [0x000000077e200000,0x000000077e200000,0x000000077ec00000)
 ParOldGen       total 169472K, used 81483K [0x00000006c9a00000, 0x00000006d3f80000, 0x000000076de00000)
  object space 169472K, 48% used [0x00000006c9a00000,0x00000006ce992c80,0x00000006d3f80000)
 Metaspace       used 16964K, capacity 17862K, committed 18048K, reserved 1064960K
  class space    used 2474K, capacity 2656K, committed 2688K, reserved 1048576K
}
Event: 3,850 GC heap before
{Heap before GC invocations=4 (full 0):
 PSYoungGen      total 138240K, used 138232K [0x000000076de00000, 0x000000077ec00000, 0x00000007c0000000)
  eden space 128000K, 100% used [0x000000076de00000,0x0000000775b00000,0x0000000775b00000)
  from space 10240K, 99% used [0x0000000775b00000,0x00000007764fe0c0,0x0000000776500000)
  to   space 10240K, 0% used [0x000000077e200000,0x000000077e200000,0x000000077ec00000)
 ParOldGen       total 169472K, used 81483K [0x00000006c9a00000, 0x00000006d3f80000, 0x000000076de00000)
  object space 169472K, 48% used [0x00000006c9a00000,0x00000006ce992c80,0x00000006d3f80000)
 Metaspace       used 16994K, capacity 17926K, committed 18048K, reserved 1064960K
  class space    used 2474K, capacity 2656K, committed 2688K, reserved 1048576K
Event: 4,052 GC heap after
Heap after GC invocations=4 (full 0):
 PSYoungGen      total 266240K, used 10236K [0x000000076de00000, 0x000000077ec00000, 0x00000007c0000000)
  eden space 256000K, 0% used [0x000000076de00000,0x000000076de00000,0x000000077d800000)
  from space 10240K, 99% used [0x000000077e200000,0x000000077ebff090,0x000000077ec00000)
  to   space 10240K, 0% used [0x000000077d800000,0x000000077d800000,0x000000077e200000)
 ParOldGen       total 169472K, used 119623K [0x00000006c9a00000, 0x00000006d3f80000, 0x000000076de00000)
  object space 169472K, 70% used [0x00000006c9a00000,0x00000006d0ed1cd0,0x00000006d3f80000)
 Metaspace       used 16994K, capacity 17926K, committed 18048K, reserved 1064960K
  class space    used 2474K, capacity 2656K, committed 2688K, reserved 1048576K
}
Event: 5,968 GC heap before
{Heap before GC invocations=5 (full 0):
 PSYoungGen      total 266240K, used 266236K [0x000000076de00000, 0x000000077ec00000, 0x00000007c0000000)
  eden space 256000K, 100% used [0x000000076de00000,0x000000077d800000,0x000000077d800000)
  from space 10240K, 99% used [0x000000077e200000,0x000000077ebff090,0x000000077ec00000)
  to   space 10240K, 0% used [0x000000077d800000,0x000000077d800000,0x000000077e200000)
 ParOldGen       total 169472K, used 119623K [0x00000006c9a00000, 0x00000006d3f80000, 0x000000076de00000)
  object space 169472K, 70% used [0x00000006c9a00000,0x00000006d0ed1cd0,0x00000006d3f80000)
 Metaspace       used 17031K, capacity 17990K, committed 18048K, reserved 1064960K
  class space    used 2475K, capacity 2656K, committed 2688K, reserved 1048576K

